2025-09-23 01:15:22,685 - INFO - 🚀 BIST Canlı Takip Başlatıldı!
2025-09-23 01:15:22,685 - INFO - 📊 Takip edilen hisseler: ['ASELS.IS', 'YKBNK.IS']
2025-09-23 01:15:22,685 - INFO - 📈 ASELS.IS: Giriş 214.00₺, TP 227.03₺, SL 205.31₺
2025-09-23 01:15:22,685 - INFO - 📈 YKBNK.IS: Giriş 35.60₺, TP 36.94₺, SL 34.71₺
2025-09-23 01:15:23,339 - INFO - 📊 ASELS.IS: 214.00₺ (+0.00%)
2025-09-23 01:15:23,471 - INFO - 📊 YKBNK.IS: 35.60₺ (-0.00%)
2025-09-23 01:15:23,471 - INFO - 📈 Aktif pozisyonlar: 2/2
2025-09-23 01:15:53,647 - INFO - 📊 ASELS.IS: 214.00₺ (+0.00%)
2025-09-23 01:15:53,794 - INFO - 📊 YKBNK.IS: 35.60₺ (-0.00%)
2025-09-23 01:15:53,794 - INFO - 📈 Aktif pozisyonlar: 2/2
2025-09-23 01:16:23,939 - INFO - 📊 ASELS.IS: 214.00₺ (+0.00%)
2025-09-23 01:16:24,068 - INFO - 📊 YKBNK.IS: 35.60₺ (-0.00%)
2025-09-23 01:16:24,068 - INFO - 📈 Aktif pozisyonlar: 2/2
2025-09-23 01:16:54,207 - INFO - 📊 ASELS.IS: 214.00₺ (+0.00%)
2025-09-23 01:16:54,332 - INFO - 📊 YKBNK.IS: 35.60₺ (-0.00%)
2025-09-23 01:16:54,332 - INFO - 📈 Aktif pozisyonlar: 2/2
2025-09-23 01:17:24,687 - INFO - 📊 ASELS.IS: 214.00₺ (+0.00%)
2025-09-23 01:17:24,824 - INFO - 📊 YKBNK.IS: 35.60₺ (-0.00%)
2025-09-23 01:17:24,824 - INFO - 📈 Aktif pozisyonlar: 2/2
2025-09-23 01:17:54,976 - INFO - 📊 ASELS.IS: 214.00₺ (+0.00%)
2025-09-23 01:17:55,098 - INFO - 📊 YKBNK.IS: 35.60₺ (-0.00%)
2025-09-23 01:17:55,099 - INFO - 📈 Aktif pozisyonlar: 2/2
2025-09-23 01:18:25,235 - INFO - 📊 ASELS.IS: 214.00₺ (+0.00%)
2025-09-23 01:18:25,377 - INFO - 📊 YKBNK.IS: 35.60₺ (-0.00%)
2025-09-23 01:18:25,378 - INFO - 📈 Aktif pozisyonlar: 2/2
2025-09-23 01:18:55,589 - INFO - 📊 ASELS.IS: 214.00₺ (+0.00%)
2025-09-23 01:18:55,706 - INFO - 📊 YKBNK.IS: 35.60₺ (-0.00%)
2025-09-23 01:18:55,706 - INFO - 📈 Aktif pozisyonlar: 2/2
2025-09-23 01:19:25,846 - INFO - 📊 ASELS.IS: 214.00₺ (+0.00%)
2025-09-23 01:19:25,966 - INFO - 📊 YKBNK.IS: 35.60₺ (-0.00%)
2025-09-23 01:19:25,967 - INFO - 📈 Aktif pozisyonlar: 2/2
2025-09-23 01:19:56,098 - INFO - 📊 ASELS.IS: 214.00₺ (+0.00%)
2025-09-23 01:19:56,241 - INFO - 📊 YKBNK.IS: 35.60₺ (-0.00%)
2025-09-23 01:19:56,241 - INFO - 📈 Aktif pozisyonlar: 2/2
2025-09-23 01:20:26,382 - INFO - 📊 ASELS.IS: 214.00₺ (+0.00%)
2025-09-23 01:20:26,504 - INFO - 📊 YKBNK.IS: 35.60₺ (-0.00%)
2025-09-23 01:20:26,504 - INFO - 📈 Aktif pozisyonlar: 2/2
2025-09-23 01:20:56,649 - INFO - 📊 ASELS.IS: 214.00₺ (+0.00%)
2025-09-23 01:20:56,776 - INFO - 📊 YKBNK.IS: 35.60₺ (-0.00%)
2025-09-23 01:20:56,776 - INFO - 📈 Aktif pozisyonlar: 2/2
2025-09-23 01:21:26,915 - INFO - 📊 ASELS.IS: 214.00₺ (+0.00%)
2025-09-23 01:21:27,034 - INFO - 📊 YKBNK.IS: 35.60₺ (-0.00%)
2025-09-23 01:21:27,034 - INFO - 📈 Aktif pozisyonlar: 2/2
2025-09-23 01:21:57,180 - INFO - 📊 ASELS.IS: 214.00₺ (+0.00%)
2025-09-23 01:21:57,490 - INFO - 📊 YKBNK.IS: 35.60₺ (-0.00%)
2025-09-23 01:21:57,492 - INFO - 📈 Aktif pozisyonlar: 2/2
2025-09-23 01:22:27,646 - INFO - 📊 ASELS.IS: 214.00₺ (+0.00%)
2025-09-23 01:22:27,780 - INFO - 📊 YKBNK.IS: 35.60₺ (-0.00%)
2025-09-23 01:22:27,780 - INFO - 📈 Aktif pozisyonlar: 2/2
2025-09-23 01:22:57,914 - INFO - 📊 ASELS.IS: 214.00₺ (+0.00%)
2025-09-23 01:22:58,047 - INFO - 📊 YKBNK.IS: 35.60₺ (-0.00%)
2025-09-23 01:22:58,048 - INFO - 📈 Aktif pozisyonlar: 2/2
2025-09-23 01:23:28,194 - INFO - 📊 ASELS.IS: 214.00₺ (+0.00%)
2025-09-23 01:23:28,317 - INFO - 📊 YKBNK.IS: 35.60₺ (-0.00%)
2025-09-23 01:23:28,317 - INFO - 📈 Aktif pozisyonlar: 2/2
2025-09-23 01:23:58,481 - INFO - 📊 ASELS.IS: 214.00₺ (+0.00%)
2025-09-23 01:23:58,616 - INFO - 📊 YKBNK.IS: 35.60₺ (-0.00%)
2025-09-23 01:23:58,616 - INFO - 📈 Aktif pozisyonlar: 2/2
2025-09-23 01:24:28,770 - INFO - 📊 ASELS.IS: 214.00₺ (+0.00%)
2025-09-23 01:24:36,559 - INFO - 📊 YKBNK.IS: 35.60₺ (-0.00%)
2025-09-23 01:24:36,560 - INFO - 📈 Aktif pozisyonlar: 2/2
2025-09-23 01:25:06,726 - INFO - 📊 ASELS.IS: 214.00₺ (+0.00%)
2025-09-23 01:25:06,857 - INFO - 📊 YKBNK.IS: 35.60₺ (-0.00%)
2025-09-23 01:25:06,857 - INFO - 📈 Aktif pozisyonlar: 2/2
2025-09-23 01:25:37,004 - INFO - 📊 ASELS.IS: 214.00₺ (+0.00%)
2025-09-23 01:25:37,122 - INFO - 📊 YKBNK.IS: 35.60₺ (-0.00%)
2025-09-23 01:25:37,122 - INFO - 📈 Aktif pozisyonlar: 2/2
2025-09-23 01:26:07,286 - INFO - 📊 ASELS.IS: 214.00₺ (+0.00%)
2025-09-23 01:26:07,404 - INFO - 📊 YKBNK.IS: 35.60₺ (-0.00%)
2025-09-23 01:26:07,404 - INFO - 📈 Aktif pozisyonlar: 2/2
2025-09-23 01:26:37,560 - INFO - 📊 ASELS.IS: 214.00₺ (+0.00%)
2025-09-23 01:26:37,682 - INFO - 📊 YKBNK.IS: 35.60₺ (-0.00%)
2025-09-23 01:26:37,683 - INFO - 📈 Aktif pozisyonlar: 2/2
2025-09-23 01:27:07,839 - INFO - 📊 ASELS.IS: 214.00₺ (+0.00%)
2025-09-23 01:27:07,955 - INFO - 📊 YKBNK.IS: 35.60₺ (-0.00%)
2025-09-23 01:27:07,955 - INFO - 📈 Aktif pozisyonlar: 2/2
2025-09-23 01:27:38,110 - INFO - 📊 ASELS.IS: 214.00₺ (+0.00%)
2025-09-23 01:27:38,244 - INFO - 📊 YKBNK.IS: 35.60₺ (-0.00%)
2025-09-23 01:27:38,245 - INFO - 📈 Aktif pozisyonlar: 2/2
2025-09-23 01:28:08,462 - INFO - 📊 ASELS.IS: 214.00₺ (+0.00%)
2025-09-23 01:28:08,665 - INFO - 📊 YKBNK.IS: 35.60₺ (-0.00%)
2025-09-23 01:28:08,666 - INFO - 📈 Aktif pozisyonlar: 2/2
2025-09-23 01:28:38,801 - INFO - 📊 ASELS.IS: 214.00₺ (+0.00%)
2025-09-23 01:28:38,921 - INFO - 📊 YKBNK.IS: 35.60₺ (-0.00%)
2025-09-23 01:28:38,922 - INFO - 📈 Aktif pozisyonlar: 2/2
